15-Feb-2023 10:32:36.211 INFO [main] org.apache.catalina.core.ApplicationContext.log ContextListener: contextInitialized()
15-Feb-2023 10:32:36.212 INFO [main] org.apache.catalina.core.ApplicationContext.log SessionListener: contextInitialized()
15-Feb-2023 10:32:36.212 INFO [main] org.apache.catalina.core.ApplicationContext.log ContextListener: attributeAdded('StockTicker', 'async.Stockticker@1bc715b8')
15-Feb-2023 10:32:36.294 INFO [main] org.apache.catalina.core.ApplicationContext.log SessionListener: contextDestroyed()
15-Feb-2023 10:32:36.294 INFO [main] org.apache.catalina.core.ApplicationContext.log ContextListener: contextDestroyed()
15-Feb-2023 10:33:00.802 INFO [main] org.apache.catalina.core.ApplicationContext.log ContextListener: contextInitialized()
15-Feb-2023 10:33:00.802 INFO [main] org.apache.catalina.core.ApplicationContext.log SessionListener: contextInitialized()
15-Feb-2023 10:33:00.803 INFO [main] org.apache.catalina.core.ApplicationContext.log ContextListener: attributeAdded('StockTicker', 'async.Stockticker@5b64c4b7')
15-Feb-2023 10:33:00.886 INFO [main] org.apache.catalina.core.ApplicationContext.log SessionListener: contextDestroyed()
15-Feb-2023 10:33:00.886 INFO [main] org.apache.catalina.core.ApplicationContext.log ContextListener: contextDestroyed()
15-Feb-2023 10:57:40.743 INFO [main] org.apache.catalina.core.ApplicationContext.log ContextListener: contextInitialized()
15-Feb-2023 10:57:40.744 INFO [main] org.apache.catalina.core.ApplicationContext.log SessionListener: contextInitialized()
15-Feb-2023 10:57:40.745 INFO [main] org.apache.catalina.core.ApplicationContext.log ContextListener: attributeAdded('StockTicker', 'async.Stockticker@610db97e')
15-Feb-2023 11:07:45.628 INFO [main] org.apache.catalina.core.ApplicationContext.log SessionListener: contextDestroyed()
15-Feb-2023 11:07:45.628 INFO [main] org.apache.catalina.core.ApplicationContext.log ContextListener: contextDestroyed()
15-Feb-2023 11:07:48.135 INFO [main] org.apache.catalina.core.ApplicationContext.log ContextListener: contextInitialized()
15-Feb-2023 11:07:48.135 INFO [main] org.apache.catalina.core.ApplicationContext.log SessionListener: contextInitialized()
15-Feb-2023 11:07:48.136 INFO [main] org.apache.catalina.core.ApplicationContext.log ContextListener: attributeAdded('StockTicker', 'async.Stockticker@6d0b5baf')
15-Feb-2023 11:15:48.321 INFO [main] org.apache.catalina.core.ApplicationContext.log SessionListener: contextDestroyed()
15-Feb-2023 11:15:48.322 INFO [main] org.apache.catalina.core.ApplicationContext.log ContextListener: contextDestroyed()
15-Feb-2023 11:17:15.900 INFO [main] org.apache.catalina.core.ApplicationContext.log ContextListener: contextInitialized()
15-Feb-2023 11:17:15.901 INFO [main] org.apache.catalina.core.ApplicationContext.log SessionListener: contextInitialized()
15-Feb-2023 11:17:15.902 INFO [main] org.apache.catalina.core.ApplicationContext.log ContextListener: attributeAdded('StockTicker', 'async.Stockticker@5f577419')
